Render.obj : error LNK2019: ссылка на неразрешенный внешний символ "__declspec(dllimport) public: __int64 __cdecl sf::Time::asMicroseconds(void)const " (__imp_?asMicroseconds@Time@sf@@QEBA_JXZ) в функции "public: void __cdecl Render::Rendering(void)" (?Rendering@Render@@QEAAXXZ)
Render.obj : error LNK2019: ссылка на неразрешенный внешний символ "__declspec(dllimport) public: __cdecl sf::Clock::Clock(void)" (__imp_??0Clock@sf@@QEAA@XZ) в функции "public: void __cdecl Render::Rendering(void)" (?Rendering@Render@@QEAAXXZ)
Render.obj : error LNK2019: ссылка на неразрешенный внешний символ "__declspec(dllimport) public: class sf::Time __cdecl sf::Clock::getElapsedTime(void)const " (__imp_?getElapsedTime@Clock@sf@@QEBA?AVTime@2@XZ) в функции "public: void __cdecl Render::Rendering(void)" (?Rendering@Render@@QEAAXXZ)
Render.obj : error LNK2019: ссылка на неразрешенный внешний символ "__declspec(dllimport) public: class sf::Time __cdecl sf::Clock::restart(void)" (__imp_?restart@Clock@sf@@QEAA?AVTime@2@XZ) в функции "public: void __cdecl Render::Rendering(void)" (?Rendering@Render@@QEAAXXZ)
Render.obj : error LNK2019: ссылка на неразрешенный внешний символ "__declspec(dllimport) public: __cdecl sf::String::String(char const *,class std::locale const &)" (__imp_??0String@sf@@QEAA@PEBDAEBVlocale@std@@@Z) в функции "private: void __cdecl Render::Init(void)" (?Init@Render@@AEAAXXZ)
Render.obj : error LNK2019: ссылка на неразрешенный внешний символ "__declspec(dllimport) public: __cdecl sf::String::~String(void)" (__imp_??1String@sf@@QEAA@XZ) в функции "private: void __cdecl Render::Init(void)" (?Init@Render@@AEAAXXZ)
Render.obj : error LNK2019: ссылка на неразрешенный внешний символ "__declspec(dllimport) public: __cdecl sf::VideoMode::VideoMode(unsigned int,unsigned int,unsigned int)" (__imp_??0VideoMode@sf@@QEAA@III@Z) в функции "private: void __cdecl Render::Init(void)" (?Init@Render@@AEAAXXZ)
Render.obj : error LNK2019: ссылка на неразрешенный внешний символ "__declspec(dllimport) public: void __cdecl sf::Window::close(void)" (__imp_?close@Window@sf@@QEAAXXZ) в функции "public: void __cdecl Render::Rendering(void)" (?Rendering@Render@@QEAAXXZ)
Render.obj : error LNK2019: ссылка на неразрешенный внешний символ "__declspec(dllimport) public: bool __cdecl sf::Window::isOpen(void)const " (__imp_?isOpen@Window@sf@@QEBA_NXZ) в функции "public: void __cdecl Render::Rendering(void)" (?Rendering@Render@@QEAAXXZ)
Render.obj : error LNK2019: ссылка на неразрешенный внешний символ "__declspec(dllimport) public: bool __cdecl sf::Window::pollEvent(class sf::Event &)" (__imp_?pollEvent@Window@sf@@QEAA_NAEAVEvent@2@@Z) в функции "public: void __cdecl Render::Rendering(void)" (?Rendering@Render@@QEAAXXZ)
Render.obj : error LNK2019: ссылка на неразрешенный внешний символ "__declspec(dllimport) public: void __cdecl sf::Window::display(void)" (__imp_?display@Window@sf@@QEAAXXZ) в функции "public: void __cdecl Render::Rendering(void)" (?Rendering@Render@@QEAAXXZ)
Render.obj : error LNK2019: ссылка на неразрешенный внешний символ "__declspec(dllimport) public: __cdecl sf::Color::Color(unsigned char,unsigned char,unsigned char,unsigned char)" (__imp_??0Color@sf@@QEAA@EEEE@Z) в функции "public: void __cdecl Render::Rendering(void)" (?Rendering@Render@@QEAAXXZ)
Render.obj : error LNK2019: ссылка на неразрешенный внешний символ "__declspec(dllimport) public: void __cdecl sf::RenderTarget::clear(class sf::Color const &)" (__imp_?clear@RenderTarget@sf@@QEAAXAEBVColor@2@@Z) в функции "public: void __cdecl Render::Rendering(void)" (?Rendering@Render@@QEAAXXZ)
Render.obj : error LNK2019: ссылка на неразрешенный внешний символ "__declspec(dllimport) public: __cdecl sf::RenderWindow::RenderWindow(class sf::VideoMode,class sf::String const &,unsigned int,struct sf::ContextSettings const &)" (__imp_??0RenderWindow@sf@@QEAA@VVideoMode@1@AEBVString@1@IAEBUContextSettings@1@@Z) в функции "private: void __cdecl Render::Init(void)" (?Init@Render@@AEAAXXZ)
Render.obj : error LNK2019: ссылка на неразрешенный внешний символ "__declspec(dllimport) public: virtual __cdecl sf::RenderWindow::~RenderWindow(void)" (__imp_??1RenderWindow@sf@@UEAA@XZ) в функции "public: virtual void * __cdecl sf::RenderWindow::`scalar deleting destructor'(unsigned int)" (??_GRenderWindow@sf@@UEAAPEAXI@Z)
Render.obj : error LNK2001: неразрешенный внешний символ ""private: virtual bool __cdecl sf::RenderWindow::activate(bool)" (?activate@RenderWindow@sf@@EEAA_N_N@Z)"
Render.obj : error LNK2001: неразрешенный внешний символ ""public: virtual class sf::Vector2<unsigned int> __cdecl sf::RenderWindow::getSize(void)const " (?getSize@RenderWindow@sf@@UEBA?AV?$Vector2@I@2@XZ)"
Render.obj : error LNK2001: неразрешенный внешний символ ""protected: virtual void __cdecl sf::RenderWindow::onCreate(void)" (?onCreate@RenderWindow@sf@@MEAAXXZ)"
Render.obj : error LNK2001: неразрешенный внешний символ ""protected: virtual void __cdecl sf::RenderWindow::onResize(void)" (?onResize@RenderWindow@sf@@MEAAXXZ)"
D:\Lib\Либа\Либа\SFML-2.4.2\lib\sfml-graphics-d.lib : warning LNK4272: тип компьютера библиотеки "X86" конфликтует с типом целевого компьютера "x64"
D:\Lib\Либа\Либа\SFML-2.4.2\lib\sfml-window-d.lib : warning LNK4272: тип компьютера библиотеки "X86" конфликтует с типом целевого компьютера "x64"
D:\Lib\Либа\Либа\SFML-2.4.2\lib\sfml-system-d.lib : warning LNK4272: тип компьютера библиотеки "X86" конфликтует с типом целевого компьютера "x64"
D:\Lib\Либа\Либа\SFML-2.4.2\lib\sfml-audio-d.lib : warning LNK4272: тип компьютера библиотеки "X86" конфликтует с типом целевого компьютера "x64"
C:\Users\ed\Documents\GitHub\ProjectX\Project\x64\Debug\Project.exe : fatal error LNK1120: неразрешенных внешних элементов: 19
